This is pdfTeX, Version 3.14159265-2.6-1.40.16 (MiKTeX 2.9) (preloaded format=pdflatex 2016.2.15)  11 JUN 2016 16:58
entering extended mode
**./results.tex
(results.tex
LaTeX2e <2015/10/01> patch level 2
Babel <3.9n> and hyphenation patterns for 69 languages loaded.
("C:\Program Files (x86)\MiKTeX 2.9\tex\latex\base\report.cls"
Document Class: report 2014/09/29 v1.4h Standard LaTeX document class
("C:\Program Files (x86)\MiKTeX 2.9\tex\latex\base\size10.clo"
File: size10.clo 2014/09/29 v1.4h Standard LaTeX file (size option)
)
\c@part=\count79
\c@chapter=\count80
\c@section=\count81
\c@subsection=\count82
\c@subsubsection=\count83
\c@paragraph=\count84
\c@subparagraph=\count85
\c@figure=\count86
\c@table=\count87
\abovecaptionskip=\skip41
\belowcaptionskip=\skip42
\bibindent=\dimen102
)
("C:\Program Files (x86)\MiKTeX 2.9\tex\latex\base\inputenc.sty"
Package: inputenc 2015/03/17 v1.2c Input encoding file
\inpenc@prehook=\toks14
\inpenc@posthook=\toks15

("C:\Program Files (x86)\MiKTeX 2.9\tex\latex\base\utf8.def"
File: utf8.def 2015/09/07 v1.1p UTF-8 support for inputenc
Now handling font encoding OML ...
... no UTF-8 mapping file for font encoding OML
Now handling font encoding T1 ...
... processing UTF-8 mapping file for font encoding T1

("C:\Program Files (x86)\MiKTeX 2.9\tex\latex\base\t1enc.dfu"
File: t1enc.dfu 2015/09/07 v1.1p UTF-8 support for inputenc
   defining Unicode char U+00A0 (decimal 160)
   defining Unicode char U+00A1 (decimal 161)
   defining Unicode char U+00A3 (decimal 163)
   defining Unicode char U+00AB (decimal 171)
   defining Unicode char U+00AD (decimal 173)
   defining Unicode char U+00BB (decimal 187)
   defining Unicode char U+00BF (decimal 191)
   defining Unicode char U+00C0 (decimal 192)
   defining Unicode char U+00C1 (decimal 193)
   defining Unicode char U+00C2 (decimal 194)
   defining Unicode char U+00C3 (decimal 195)
   defining Unicode char U+00C4 (decimal 196)
   defining Unicode char U+00C5 (decimal 197)
   defining Unicode char U+00C6 (decimal 198)
   defining Unicode char U+00C7 (decimal 199)
   defining Unicode char U+00C8 (decimal 200)
   defining Unicode char U+00C9 (decimal 201)
   defining Unicode char U+00CA (decimal 202)
   defining Unicode char U+00CB (decimal 203)
   defining Unicode char U+00CC (decimal 204)
   defining Unicode char U+00CD (decimal 205)
   defining Unicode char U+00CE (decimal 206)
   defining Unicode char U+00CF (decimal 207)
   defining Unicode char U+00D0 (decimal 208)
   defining Unicode char U+00D1 (decimal 209)
   defining Unicode char U+00D2 (decimal 210)
   defining Unicode char U+00D3 (decimal 211)
   defining Unicode char U+00D4 (decimal 212)
   defining Unicode char U+00D5 (decimal 213)
   defining Unicode char U+00D6 (decimal 214)
   defining Unicode char U+00D8 (decimal 216)
   defining Unicode char U+00D9 (decimal 217)
   defining Unicode char U+00DA (decimal 218)
   defining Unicode char U+00DB (decimal 219)
   defining Unicode char U+00DC (decimal 220)
   defining Unicode char U+00DD (decimal 221)
   defining Unicode char U+00DE (decimal 222)
   defining Unicode char U+00DF (decimal 223)
   defining Unicode char U+00E0 (decimal 224)
   defining Unicode char U+00E1 (decimal 225)
   defining Unicode char U+00E2 (decimal 226)
   defining Unicode char U+00E3 (decimal 227)
   defining Unicode char U+00E4 (decimal 228)
   defining Unicode char U+00E5 (decimal 229)
   defining Unicode char U+00E6 (decimal 230)
   defining Unicode char U+00E7 (decimal 231)
   defining Unicode char U+00E8 (decimal 232)
   defining Unicode char U+00E9 (decimal 233)
   defining Unicode char U+00EA (decimal 234)
   defining Unicode char U+00EB (decimal 235)
   defining Unicode char U+00EC (decimal 236)
   defining Unicode char U+00ED (decimal 237)
   defining Unicode char U+00EE (decimal 238)
   defining Unicode char U+00EF (decimal 239)
   defining Unicode char U+00F0 (decimal 240)
   defining Unicode char U+00F1 (decimal 241)
   defining Unicode char U+00F2 (decimal 242)
   defining Unicode char U+00F3 (decimal 243)
   defining Unicode char U+00F4 (decimal 244)
   defining Unicode char U+00F5 (decimal 245)
   defining Unicode char U+00F6 (decimal 246)
   defining Unicode char U+00F8 (decimal 248)
   defining Unicode char U+00F9 (decimal 249)
   defining Unicode char U+00FA (decimal 250)
   defining Unicode char U+00FB (decimal 251)
   defining Unicode char U+00FC (decimal 252)
   defining Unicode char U+00FD (decimal 253)
   defining Unicode char U+00FE (decimal 254)
   defining Unicode char U+00FF (decimal 255)
   defining Unicode char U+0102 (decimal 258)
   defining Unicode char U+0103 (decimal 259)
   defining Unicode char U+0104 (decimal 260)
   defining Unicode char U+0105 (decimal 261)
   defining Unicode char U+0106 (decimal 262)
   defining Unicode char U+0107 (decimal 263)
   defining Unicode char U+010C (decimal 268)
   defining Unicode char U+010D (decimal 269)
   defining Unicode char U+010E (decimal 270)
   defining Unicode char U+010F (decimal 271)
   defining Unicode char U+0110 (decimal 272)
   defining Unicode char U+0111 (decimal 273)
   defining Unicode char U+0118 (decimal 280)
   defining Unicode char U+0119 (decimal 281)
   defining Unicode char U+011A (decimal 282)
   defining Unicode char U+011B (decimal 283)
   defining Unicode char U+011E (decimal 286)
   defining Unicode char U+011F (decimal 287)
   defining Unicode char U+0130 (decimal 304)
   defining Unicode char U+0131 (decimal 305)
   defining Unicode char U+0132 (decimal 306)
   defining Unicode char U+0133 (decimal 307)
   defining Unicode char U+0139 (decimal 313)
   defining Unicode char U+013A (decimal 314)
   defining Unicode char U+013D (decimal 317)
   defining Unicode char U+013E (decimal 318)
   defining Unicode char U+0141 (decimal 321)
   defining Unicode char U+0142 (decimal 322)
   defining Unicode char U+0143 (decimal 323)
   defining Unicode char U+0144 (decimal 324)
   defining Unicode char U+0147 (decimal 327)
   defining Unicode char U+0148 (decimal 328)
   defining Unicode char U+014A (decimal 330)
   defining Unicode char U+014B (decimal 331)
   defining Unicode char U+0150 (decimal 336)
   defining Unicode char U+0151 (decimal 337)
   defining Unicode char U+0152 (decimal 338)
   defining Unicode char U+0153 (decimal 339)
   defining Unicode char U+0154 (decimal 340)
   defining Unicode char U+0155 (decimal 341)
   defining Unicode char U+0158 (decimal 344)
   defining Unicode char U+0159 (decimal 345)
   defining Unicode char U+015A (decimal 346)
   defining Unicode char U+015B (decimal 347)
   defining Unicode char U+015E (decimal 350)
   defining Unicode char U+015F (decimal 351)
   defining Unicode char U+0160 (decimal 352)
   defining Unicode char U+0161 (decimal 353)
   defining Unicode char U+0162 (decimal 354)
   defining Unicode char U+0163 (decimal 355)
   defining Unicode char U+0164 (decimal 356)
   defining Unicode char U+0165 (decimal 357)
   defining Unicode char U+016E (decimal 366)
   defining Unicode char U+016F (decimal 367)
   defining Unicode char U+0170 (decimal 368)
   defining Unicode char U+0171 (decimal 369)
   defining Unicode char U+0174 (decimal 372)
   defining Unicode char U+0175 (decimal 373)
   defining Unicode char U+0176 (decimal 374)
   defining Unicode char U+0177 (decimal 375)
   defining Unicode char U+0178 (decimal 376)
   defining Unicode char U+0179 (decimal 377)
   defining Unicode char U+017A (decimal 378)
   defining Unicode char U+017B (decimal 379)
   defining Unicode char U+017C (decimal 380)
   defining Unicode char U+017D (decimal 381)
   defining Unicode char U+017E (decimal 382)
   defining Unicode char U+0218 (decimal 536)
   defining Unicode char U+0219 (decimal 537)
   defining Unicode char U+021A (decimal 538)
   defining Unicode char U+021B (decimal 539)
   defining Unicode char U+200C (decimal 8204)
   defining Unicode char U+2013 (decimal 8211)
   defining Unicode char U+2014 (decimal 8212)
   defining Unicode char U+2018 (decimal 8216)
   defining Unicode char U+2019 (decimal 8217)
   defining Unicode char U+201A (decimal 8218)
   defining Unicode char U+201C (decimal 8220)
   defining Unicode char U+201D (decimal 8221)
   defining Unicode char U+201E (decimal 8222)
   defining Unicode char U+2030 (decimal 8240)
   defining Unicode char U+2031 (decimal 8241)
   defining Unicode char U+2039 (decimal 8249)
   defining Unicode char U+203A (decimal 8250)
   defining Unicode char U+2423 (decimal 9251)
)
Now handling font encoding OT1 ...
... processing UTF-8 mapping file for font encoding OT1

("C:\Program Files (x86)\MiKTeX 2.9\tex\latex\base\ot1enc.dfu"
File: ot1enc.dfu 2015/09/07 v1.1p UTF-8 support for inputenc
   defining Unicode char U+00A0 (decimal 160)
   defining Unicode char U+00A1 (decimal 161)
   defining Unicode char U+00A3 (decimal 163)
   defining Unicode char U+00AD (decimal 173)
   defining Unicode char U+00B8 (decimal 184)
   defining Unicode char U+00BF (decimal 191)
   defining Unicode char U+00C5 (decimal 197)
   defining Unicode char U+00C6 (decimal 198)
   defining Unicode char U+00D8 (decimal 216)
   defining Unicode char U+00DF (decimal 223)
   defining Unicode char U+00E6 (decimal 230)
   defining Unicode char U+00EC (decimal 236)
   defining Unicode char U+00ED (decimal 237)
   defining Unicode char U+00EE (decimal 238)
   defining Unicode char U+00EF (decimal 239)
   defining Unicode char U+00F8 (decimal 248)
   defining Unicode char U+0131 (decimal 305)
   defining Unicode char U+0141 (decimal 321)
   defining Unicode char U+0142 (decimal 322)
   defining Unicode char U+0152 (decimal 338)
   defining Unicode char U+0153 (decimal 339)
   defining Unicode char U+0174 (decimal 372)
   defining Unicode char U+0175 (decimal 373)
   defining Unicode char U+0176 (decimal 374)
   defining Unicode char U+0177 (decimal 375)
   defining Unicode char U+0218 (decimal 536)
   defining Unicode char U+0219 (decimal 537)
   defining Unicode char U+021A (decimal 538)
   defining Unicode char U+021B (decimal 539)
   defining Unicode char U+2013 (decimal 8211)
   defining Unicode char U+2014 (decimal 8212)
   defining Unicode char U+2018 (decimal 8216)
   defining Unicode char U+2019 (decimal 8217)
   defining Unicode char U+201C (decimal 8220)
   defining Unicode char U+201D (decimal 8221)
)
Now handling font encoding OMS ...
... processing UTF-8 mapping file for font encoding OMS

("C:\Program Files (x86)\MiKTeX 2.9\tex\latex\base\omsenc.dfu"
File: omsenc.dfu 2015/09/07 v1.1p UTF-8 support for inputenc
   defining Unicode char U+00A7 (decimal 167)
   defining Unicode char U+00B6 (decimal 182)
   defining Unicode char U+00B7 (decimal 183)
   defining Unicode char U+2020 (decimal 8224)
   defining Unicode char U+2021 (decimal 8225)
   defining Unicode char U+2022 (decimal 8226)
)
Now handling font encoding OMX ...
... no UTF-8 mapping file for font encoding OMX
Now handling font encoding U ...
... no UTF-8 mapping file for font encoding U
   defining Unicode char U+00A9 (decimal 169)
   defining Unicode char U+00AA (decimal 170)
   defining Unicode char U+00AE (decimal 174)
   defining Unicode char U+00BA (decimal 186)
   defining Unicode char U+02C6 (decimal 710)
   defining Unicode char U+02DC (decimal 732)
   defining Unicode char U+200C (decimal 8204)
   defining Unicode char U+2026 (decimal 8230)
   defining Unicode char U+2122 (decimal 8482)
   defining Unicode char U+2423 (decimal 9251)
))
("C:\Program Files (x86)\MiKTeX 2.9\tex\latex\graphics\graphicx.sty"
Package: graphicx 2014/10/28 v1.0g Enhanced LaTeX Graphics (DPC,SPQR)

("C:\Program Files (x86)\MiKTeX 2.9\tex\latex\graphics\keyval.sty"
Package: keyval 2014/10/28 v1.15 key=value parser (DPC)
\KV@toks@=\toks16
)
("C:\Program Files (x86)\MiKTeX 2.9\tex\latex\graphics\graphics.sty"
Package: graphics 2014/10/28 v1.0p Standard LaTeX Graphics (DPC,SPQR)

("C:\Program Files (x86)\MiKTeX 2.9\tex\latex\graphics\trig.sty"
Package: trig 1999/03/16 v1.09 sin cos tan (DPC)
)
("C:\Program Files (x86)\MiKTeX 2.9\tex\latex\00miktex\graphics.cfg"
File: graphics.cfg 2007/01/18 v1.5 graphics configuration of teTeX/TeXLive
)
Package graphics Info: Driver file: pdftex.def on input line 94.

("C:\Program Files (x86)\MiKTeX 2.9\tex\latex\pdftex-def\pdftex.def"
File: pdftex.def 2011/05/27 v0.06d Graphics/color for pdfTeX

("C:\Program Files (x86)\MiKTeX 2.9\tex\generic\oberdiek\infwarerr.sty"
Package: infwarerr 2010/04/08 v1.3 Providing info/warning/error messages (HO)
)
("C:\Program Files (x86)\MiKTeX 2.9\tex\generic\oberdiek\ltxcmds.sty"
Package: ltxcmds 2011/11/09 v1.22 LaTeX kernel commands for general use (HO)
)
\Gread@gobject=\count88
))
\Gin@req@height=\dimen103
\Gin@req@width=\dimen104
)
("C:\Program Files (x86)\MiKTeX 2.9\tex\latex\float\float.sty"
Package: float 2001/11/08 v1.3d Float enhancements (AL)
\c@float@type=\count89
\float@exts=\toks17
\float@box=\box26
\@float@everytoks=\toks18
\@floatcapt=\box27
)
("C:\Program Files (x86)\MiKTeX 2.9\tex\latex\geometry\geometry.sty"
Package: geometry 2010/09/12 v5.6 Page Geometry

("C:\Program Files (x86)\MiKTeX 2.9\tex\generic\oberdiek\ifpdf.sty"
Package: ifpdf 2011/01/30 v2.3 Provides the ifpdf switch (HO)
Package ifpdf Info: pdfTeX in PDF mode is detected.
)
("C:\Program Files (x86)\MiKTeX 2.9\tex\generic\oberdiek\ifvtex.sty"
Package: ifvtex 2010/03/01 v1.5 Detect VTeX and its facilities (HO)
Package ifvtex Info: VTeX not detected.
)
("C:\Program Files (x86)\MiKTeX 2.9\tex\generic\ifxetex\ifxetex.sty"
Package: ifxetex 2010/09/12 v0.6 Provides ifxetex conditional
)
\Gm@cnth=\count90
\Gm@cntv=\count91
\c@Gm@tempcnt=\count92
\Gm@bindingoffset=\dimen105
\Gm@wd@mp=\dimen106
\Gm@odd@mp=\dimen107
\Gm@even@mp=\dimen108
\Gm@layoutwidth=\dimen109
\Gm@layoutheight=\dimen110
\Gm@layouthoffset=\dimen111
\Gm@layoutvoffset=\dimen112
\Gm@dimlist=\toks19

("C:\Program Files (x86)\MiKTeX 2.9\tex\latex\geometry\geometry.cfg"))
(results.aux)
\openout1 = `results.aux'.

LaTeX Font Info:    Checking defaults for OML/cmm/m/it on input line 20.
LaTeX Font Info:    ... okay on input line 20.
LaTeX Font Info:    Checking defaults for T1/cmr/m/n on input line 20.
LaTeX Font Info:    ... okay on input line 20.
LaTeX Font Info:    Checking defaults for OT1/cmr/m/n on input line 20.
LaTeX Font Info:    ... okay on input line 20.
LaTeX Font Info:    Checking defaults for OMS/cmsy/m/n on input line 20.
LaTeX Font Info:    ... okay on input line 20.
LaTeX Font Info:    Checking defaults for OMX/cmex/m/n on input line 20.
LaTeX Font Info:    ... okay on input line 20.
LaTeX Font Info:    Checking defaults for U/cmr/m/n on input line 20.
LaTeX Font Info:    ... okay on input line 20.
 ("C:\Program Files (x86)\MiKTeX 2.9\tex\context\base\supp-pdf.mkii"
[Loading MPS to PDF converter (version 2006.09.02).]
\scratchcounter=\count93
\scratchdimen=\dimen113
\scratchbox=\box28
\nofMPsegments=\count94
\nofMParguments=\count95
\everyMPshowfont=\toks20
\MPscratchCnt=\count96
\MPscratchDim=\dimen114
\MPnumerator=\count97
\makeMPintoPDFobject=\count98
\everyMPtoPDFconversion=\toks21
)
*geometry* driver: auto-detecting
*geometry* detected driver: pdftex
*geometry* verbose mode - [ preamble ] result:
* driver: pdftex
* paper: a4paper
* layout: <same size as paper>
* layoutoffset:(h,v)=(0.0pt,0.0pt)
* modes: 
* h-part:(L,W,R)=(72.26999pt, 452.9679pt, 72.26999pt)
* v-part:(T,H,B)=(72.26999pt, 700.50687pt, 72.26999pt)
* \paperwidth=597.50787pt
* \paperheight=845.04684pt
* \textwidth=452.9679pt
* \textheight=700.50687pt
* \oddsidemargin=0.0pt
* \evensidemargin=0.0pt
* \topmargin=-37.0pt
* \headheight=12.0pt
* \headsep=25.0pt
* \topskip=10.0pt
* \footskip=30.0pt
* \marginparwidth=57.0pt
* \marginparsep=11.0pt
* \columnsep=10.0pt
* \skip\footins=9.0pt plus 4.0pt minus 2.0pt
* \hoffset=0.0pt
* \voffset=0.0pt
* \mag=1000
* \@twocolumnfalse
* \@twosidefalse
* \@mparswitchfalse
* \@reversemarginfalse
* (1in=72.27pt=25.4mm, 1cm=28.453pt)

LaTeX Font Info:    External font `cmex10' loaded for size
(Font)              <12> on input line 21.
LaTeX Font Info:    External font `cmex10' loaded for size
(Font)              <8> on input line 21.
LaTeX Font Info:    External font `cmex10' loaded for size
(Font)              <6> on input line 21.
[1

{C:/Users/Kapil Thakkar/AppData/Local/MiKTeX/2.9/pdftex/config/pdftex.map}]
Chapter 1.

LaTeX Warning: Reference `AnomaliesReported' on page 1 undefined on input line 
36.


LaTeX Warning: Reference `ArticlesMatched' on page 1 undefined on input line 38
.


LaTeX Warning: Reference `RetailVsAverage' on page 1 undefined on input line 42
.


LaTeX Warning: Reference `RetailVsArrival' on page 1 undefined on input line 42
.


LaTeX Warning: Reference `RetailVsWholesale' on page 1 undefined on input line 
42.


LaTeX Warning: Reference `WholesaleVsArrival' on page 1 undefined on input line
 42.


LaTeX Warning: Reference `RetailVsAverageDist' on page 1 undefined on input lin
e 44.


LaTeX Warning: Reference `RetailVsArrivalDist' on page 1 undefined on input lin
e 44.


LaTeX Warning: Reference `RetailVsWholesaleDist' on page 1 undefined on input l
ine 44.


LaTeX Warning: Reference `WholesaleVsArrivalDist' on page 1 undefined on input 
line 44.


Underfull \hbox (badness 10000) in paragraph at lines 32--47

 []


Underfull \hbox (badness 10000) in paragraph at lines 32--47

 []


Underfull \hbox (badness 10000) in paragraph at lines 32--47

 []


Underfull \hbox (badness 10000) in paragraph at lines 32--47

 []


Underfull \hbox (badness 10000) in paragraph at lines 32--47

 []


Underfull \hbox (badness 10000) in paragraph at lines 32--47

 []


LaTeX Warning: No positions in optional float specifier.
               Default added (so using `tbp') on input line 51.

LaTeX Font Info:    External font `cmex10' loaded for size
(Font)              <7> on input line 67.
LaTeX Font Info:    External font `cmex10' loaded for size
(Font)              <5> on input line 67.

LaTeX Warning: No positions in optional float specifier.
               Default added (so using `tbp') on input line 76.


LaTeX Warning: No positions in optional float specifier.
               Default added (so using `tbp') on input line 99.


LaTeX Warning: No positions in optional float specifier.
               Default added (so using `tbp') on input line 127.


LaTeX Warning: No positions in optional float specifier.
               Default added (so using `tbp') on input line 156.


LaTeX Warning: No positions in optional float specifier.
               Default added (so using `tbp') on input line 184.


LaTeX Warning: No positions in optional float specifier.
               Default added (so using `tbp') on input line 213.


LaTeX Warning: No positions in optional float specifier.
               Default added (so using `tbp') on input line 250.


LaTeX Warning: No positions in optional float specifier.
               Default added (so using `tbp') on input line 285.


LaTeX Warning: No positions in optional float specifier.
               Default added (so using `tbp') on input line 320.


Underfull \hbox (badness 10000) in paragraph at lines 358--361

 []

[1

] [2]
Underfull \hbox (badness 10000) in paragraph at lines 364--367

 []


Underfull \hbox (badness 10000) in paragraph at lines 374--377

 []

[3]
LaTeX Font Info:    Try loading font information for OMS+cmr on input line 381.

 ("C:\Program Files (x86)\MiKTeX 2.9\tex\latex\base\omscmr.fd"
File: omscmr.fd 2014/09/29 v2.5h Standard LaTeX font definitions
)
LaTeX Font Info:    Font shape `OMS/cmr/m/n' in size <10> not available
(Font)              Font shape `OMS/cmsy/m/n' tried instead on input line 381.


LaTeX Warning: Reference `fig:12111' on page 4 undefined on input line 384.


LaTeX Warning: Reference `fig:12131' on page 4 undefined on input line 385.

<graphs/12111.png, id=20, 1675.2186pt x 922.8879pt>
File: graphs/12111.png Graphic file (type png)
 <use graphs/12111.png>
Package pdftex.def Info: graphs/12111.png used on input line 389.
(pdftex.def)             Requested size: 362.37569pt x 199.62808pt.

<graphs/12131.png, id=22, 1675.2186pt x 922.8879pt>
File: graphs/12131.png Graphic file (type png)
 <use graphs/12131.png>
Package pdftex.def Info: graphs/12131.png used on input line 396.
(pdftex.def)             Requested size: 362.37569pt x 199.62808pt.

[4 <./graphs/12111.png> <./graphs/12131.png>]

LaTeX Warning: Reference `fig:12112' on page 5 undefined on input line 408.


LaTeX Warning: Reference `fig:12132' on page 5 undefined on input line 409.

<graphs/12112.png, id=29, 1675.2186pt x 922.8879pt>
File: graphs/12112.png Graphic file (type png)
 <use graphs/12112.png>
Package pdftex.def Info: graphs/12112.png used on input line 414.
(pdftex.def)             Requested size: 362.37569pt x 199.62808pt.

<graphs/12132.png, id=30, 1675.2186pt x 922.8879pt>
File: graphs/12132.png Graphic file (type png)
 <use graphs/12132.png>
Package pdftex.def Info: graphs/12132.png used on input line 421.
(pdftex.def)             Requested size: 362.37569pt x 199.62808pt.


LaTeX Warning: Reference `fig:12113' on page 5 undefined on input line 434.


LaTeX Warning: Reference `fig:12133' on page 5 undefined on input line 435.

[5 <./graphs/12112.png> <./graphs/12132.png>]
<graphs/12113.png, id=36, 1675.2186pt x 922.8879pt>
File: graphs/12113.png Graphic file (type png)
 <use graphs/12113.png>
Package pdftex.def Info: graphs/12113.png used on input line 440.
(pdftex.def)             Requested size: 362.37569pt x 199.62808pt.

<graphs/12133.png, id=37, 1675.2186pt x 922.8879pt>
File: graphs/12133.png Graphic file (type png)
 <use graphs/12133.png>
Package pdftex.def Info: graphs/12133.png used on input line 447.
(pdftex.def)             Requested size: 362.37569pt x 199.62808pt.


LaTeX Warning: Reference `fig:12114' on page 6 undefined on input line 452.

<graphs/12114.png, id=38, 1675.2186pt x 922.8879pt>
File: graphs/12114.png Graphic file (type png)
 <use graphs/12114.png>
Package pdftex.def Info: graphs/12114.png used on input line 456.
(pdftex.def)             Requested size: 362.37569pt x 199.62808pt.

[6 <./graphs/12113.png> <./graphs/12133.png>]

LaTeX Warning: Reference `fig:12115' on page 7 undefined on input line 461.

<graphs/12115.png, id=45, 1675.2186pt x 922.8879pt>
File: graphs/12115.png Graphic file (type png)
 <use graphs/12115.png>
Package pdftex.def Info: graphs/12115.png used on input line 465.
(pdftex.def)             Requested size: 362.37569pt x 199.62808pt.


LaTeX Warning: Reference `fig:12116' on page 7 undefined on input line 470.

<graphs/12116.png, id=46, 1675.2186pt x 922.8879pt>
File: graphs/12116.png Graphic file (type png)
 <use graphs/12116.png>
Package pdftex.def Info: graphs/12116.png used on input line 474.
(pdftex.def)             Requested size: 362.37569pt x 199.62808pt.

[7 <./graphs/12114.png> <./graphs/12115.png>]

LaTeX Warning: Reference `fig:12134' on page 8 undefined on input line 480.

<graphs/12134.png, id=52, 1675.2186pt x 922.8879pt>
File: graphs/12134.png Graphic file (type png)
 <use graphs/12134.png>
Package pdftex.def Info: graphs/12134.png used on input line 484.
(pdftex.def)             Requested size: 362.37569pt x 199.62808pt.


LaTeX Warning: Reference `fig:12121' on page 8 undefined on input line 499.


LaTeX Warning: Reference `fig:12141' on page 8 undefined on input line 500.

<graphs/12121.png, id=53, 1675.2186pt x 922.8879pt>
File: graphs/12121.png Graphic file (type png)
 <use graphs/12121.png>
Package pdftex.def Info: graphs/12121.png used on input line 505.
(pdftex.def)             Requested size: 362.37569pt x 199.62808pt.

[8 <./graphs/12116.png> <./graphs/12134.png>]
<graphs/12141.png, id=59, 1675.2186pt x 922.8879pt>
File: graphs/12141.png Graphic file (type png)
 <use graphs/12141.png>
Package pdftex.def Info: graphs/12141.png used on input line 512.
(pdftex.def)             Requested size: 362.37569pt x 199.62808pt.


LaTeX Warning: Reference `fig:12122' on page 9 undefined on input line 521.


LaTeX Warning: Reference `fig:12142' on page 9 undefined on input line 522.

<graphs/12122.png, id=60, 1675.2186pt x 922.8879pt>
File: graphs/12122.png Graphic file (type png)
 <use graphs/12122.png>
Package pdftex.def Info: graphs/12122.png used on input line 527.
(pdftex.def)             Requested size: 362.37569pt x 199.62808pt.

[9 <./graphs/12121.png> <./graphs/12141.png>]
<graphs/12142.png, id=66, 1675.2186pt x 922.8879pt>
File: graphs/12142.png Graphic file (type png)
 <use graphs/12142.png>
Package pdftex.def Info: graphs/12142.png used on input line 534.
(pdftex.def)             Requested size: 362.37569pt x 199.62808pt.


LaTeX Warning: Reference `fig:12123' on page 10 undefined on input line 545.


LaTeX Warning: Reference `fig:12143' on page 10 undefined on input line 546.

<graphs/12123.png, id=67, 1675.2186pt x 922.8879pt>
File: graphs/12123.png Graphic file (type png)
 <use graphs/12123.png>
Package pdftex.def Info: graphs/12123.png used on input line 551.
(pdftex.def)             Requested size: 362.37569pt x 199.62808pt.

[10 <./graphs/12122.png> <./graphs/12142.png>]
<graphs/12143.png, id=73, 1675.2186pt x 922.8879pt>
File: graphs/12143.png Graphic file (type png)
 <use graphs/12143.png>
Package pdftex.def Info: graphs/12143.png used on input line 558.
(pdftex.def)             Requested size: 362.37569pt x 199.62808pt.


LaTeX Warning: Reference `fig:12124' on page 11 undefined on input line 565.


LaTeX Warning: Reference `fig:12144' on page 11 undefined on input line 565.

<graphs/12124.png, id=74, 1675.2186pt x 922.8879pt>
File: graphs/12124.png Graphic file (type png)
 <use graphs/12124.png>
Package pdftex.def Info: graphs/12124.png used on input line 569.
(pdftex.def)             Requested size: 362.37569pt x 199.62808pt.

[11 <./graphs/12123.png> <./graphs/12143.png>]
<graphs/12144.png, id=80, 1675.2186pt x 922.8879pt>
File: graphs/12144.png Graphic file (type png)
 <use graphs/12144.png>
Package pdftex.def Info: graphs/12144.png used on input line 576.
(pdftex.def)             Requested size: 362.37569pt x 199.62808pt.


LaTeX Warning: Reference `fig:12125' on page 12 undefined on input line 581.

<graphs/12125.png, id=81, 1675.2186pt x 922.8879pt>
File: graphs/12125.png Graphic file (type png)
 <use graphs/12125.png>
Package pdftex.def Info: graphs/12125.png used on input line 585.
(pdftex.def)             Requested size: 362.37569pt x 199.62808pt.

[12 <./graphs/12124.png> <./graphs/12144.png>]

LaTeX Warning: Reference `fig:12126' on page 13 undefined on input line 590.

<graphs/12126.png, id=88, 1675.2186pt x 922.8879pt>
File: graphs/12126.png Graphic file (type png)
 <use graphs/12126.png>
Package pdftex.def Info: graphs/12126.png used on input line 594.
(pdftex.def)             Requested size: 362.37569pt x 199.62808pt.

Underfull \hbox (badness 10000) in paragraph at lines 607--610

 []

[13 <./graphs/12125.png> <./graphs/12126.png>]
Underfull \hbox (badness 10000) in paragraph at lines 617--620

 []


LaTeX Warning: Reference `fig:12211' on page 14 undefined on input line 628.


LaTeX Warning: Reference `fig:12231' on page 14 undefined on input line 629.

<graphs/12211.png, id=94, 1675.2186pt x 922.8879pt>
File: graphs/12211.png Graphic file (type png)
 <use graphs/12211.png>
Package pdftex.def Info: graphs/12211.png used on input line 633.
(pdftex.def)             Requested size: 362.37569pt x 199.62808pt.

<graphs/12231.png, id=95, 1675.2186pt x 922.8879pt>
File: graphs/12231.png Graphic file (type png)
 <use graphs/12231.png>
Package pdftex.def Info: graphs/12231.png used on input line 640.
(pdftex.def)             Requested size: 362.37569pt x 199.62808pt.

[14 <./graphs/12211.png>]
Underfull \hbox (badness 10000) in paragraph at lines 645--648

 []


LaTeX Warning: Reference `fig:12212' on page 15 undefined on input line 649.


LaTeX Warning: Reference `fig:12232' on page 15 undefined on input line 650.

<graphs/12212.png, id=100, 1675.2186pt x 922.8879pt>
File: graphs/12212.png Graphic file (type png)
 <use graphs/12212.png>
Package pdftex.def Info: graphs/12212.png used on input line 654.
(pdftex.def)             Requested size: 362.37569pt x 199.62808pt.

<graphs/12232.png, id=101, 1675.2186pt x 922.8879pt>
File: graphs/12232.png Graphic file (type png)
 <use graphs/12232.png>
Package pdftex.def Info: graphs/12232.png used on input line 661.
(pdftex.def)             Requested size: 362.37569pt x 199.62808pt.

[15 <./graphs/12231.png> <./graphs/12212.png>]

LaTeX Warning: Reference `fig:12212' on page 16 undefined on input line 668.


LaTeX Warning: Reference `fig:12221' on page 16 undefined on input line 680.


LaTeX Warning: Reference `fig:12241' on page 16 undefined on input line 681.

<graphs/12221.png, id=107, 1675.2186pt x 922.8879pt>
File: graphs/12221.png Graphic file (type png)
 <use graphs/12221.png>
Package pdftex.def Info: graphs/12221.png used on input line 685.
(pdftex.def)             Requested size: 362.37569pt x 199.62808pt.

<graphs/12241.png, id=108, 1675.2186pt x 922.8879pt>
File: graphs/12241.png Graphic file (type png)
 <use graphs/12241.png>
Package pdftex.def Info: graphs/12241.png used on input line 692.
(pdftex.def)             Requested size: 362.37569pt x 199.62808pt.

[16 <./graphs/12232.png> <./graphs/12221.png>]

LaTeX Warning: Reference `fig:12222' on page 17 undefined on input line 703.


LaTeX Warning: Reference `fig:12242' on page 17 undefined on input line 704.

<graphs/12222.png, id=114, 1675.2186pt x 922.8879pt>
File: graphs/12222.png Graphic file (type png)
 <use graphs/12222.png>
Package pdftex.def Info: graphs/12222.png used on input line 708.
(pdftex.def)             Requested size: 362.37569pt x 199.62808pt.

<graphs/12242.png, id=115, 1675.2186pt x 922.8879pt>
File: graphs/12242.png Graphic file (type png)
 <use graphs/12242.png>
Package pdftex.def Info: graphs/12242.png used on input line 715.
(pdftex.def)             Requested size: 362.37569pt x 199.62808pt.

[17 <./graphs/12241.png> <./graphs/12222.png>]

LaTeX Warning: Reference `fig:1231' on page 18 undefined on input line 727.


LaTeX Warning: Reference `fig:12331' on page 18 undefined on input line 727.

<graphs/1231.png, id=121, 1675.2186pt x 922.8879pt>
File: graphs/1231.png Graphic file (type png)
 <use graphs/1231.png>
Package pdftex.def Info: graphs/1231.png used on input line 730.
(pdftex.def)             Requested size: 362.37569pt x 199.62808pt.

Underfull \hbox (badness 10000) in paragraph at lines 723--733

 []


Underfull \hbox (badness 10000) in paragraph at lines 723--733

 []


Underfull \hbox (badness 10000) in paragraph at lines 723--733

 []

[18 <./graphs/12242.png>] <graphs/12331.png, id=127, 1675.2186pt x 922.8879pt>
File: graphs/12331.png Graphic file (type png)

<use graphs/12331.png>
Package pdftex.def Info: graphs/12331.png used on input line 737.
(pdftex.def)             Requested size: 362.37569pt x 199.62808pt.


LaTeX Warning: Reference `fig:12321' on page 19 undefined on input line 742.


LaTeX Warning: Reference `fig:12341' on page 19 undefined on input line 742.


LaTeX Warning: Reference `fig:12322_delhi' on page 19 undefined on input line 7
42.


LaTeX Warning: Reference `fig:12442_delhi' on page 19 undefined on input line 7
42.

<graphs/12321.png, id=128, 1675.2186pt x 922.8879pt>
File: graphs/12321.png Graphic file (type png)
 <use graphs/12321.png>
Package pdftex.def Info: graphs/12321.png used on input line 745.
(pdftex.def)             Requested size: 362.37569pt x 199.62808pt.

[19 <./graphs/1231.png> <./graphs/12331.png>]
<graphs/12341.png, id=134, 1675.2186pt x 922.8879pt>
File: graphs/12341.png Graphic file (type png)
 <use graphs/12341.png>
Package pdftex.def Info: graphs/12341.png used on input line 752.
(pdftex.def)             Requested size: 362.37569pt x 199.62808pt.

<graphs/12322_delhi.png, id=135, 1675.2186pt x 922.8879pt>
File: graphs/12322_delhi.png Graphic file (type png)

<use graphs/12322_delhi.png>
Package pdftex.def Info: graphs/12322_delhi.png used on input line 760.
(pdftex.def)             Requested size: 362.37569pt x 199.62808pt.
 [20 <./graphs/12321.png> <./graphs/12341.png>]
<graphs/12442_delhi.png, id=141, 1675.2186pt x 922.8879pt>
File: graphs/12442_delhi.png Graphic file (type png)

<use graphs/12442_delhi.png>
Package pdftex.def Info: graphs/12442_delhi.png used on input line 767.
(pdftex.def)             Requested size: 362.37569pt x 199.62808pt.
 [21 <./graphs/12322_delhi.png> <./graphs/12442_delhi.png>] (results.aux)

LaTeX Warning: There were undefined references.


LaTeX Warning: Label(s) may have changed. Rerun to get cross-references right.

 ) 
Here is how much of TeX's memory you used:
 2164 strings out of 493634
 29375 string characters out of 3141288
 162590 words of memory out of 3000000
 5517 multiletter control sequences out of 15000+200000
 9154 words of font info for 32 fonts, out of 3000000 for 9000
 1025 hyphenation exceptions out of 8191
 27i,9n,32p,1023b,292s stack positions out of 5000i,500n,10000p,200000b,50000s
<C:/Program Files (x86)/MiKTeX 2.9/fonts/type1/public/amsfonts/cm/cmbx10.pfb>
<C:/Program Files (x86)/MiKTeX 2.9/fonts/type1/public/amsfonts/cm/cmbx12.pfb><C
:/Program Files (x86)/MiKTeX 2.9/fonts/type1/public/amsfonts/cm/cmr10.pfb><C:/P
rogram Files (x86)/MiKTeX 2.9/fonts/type1/public/amsfonts/cm/cmr12.pfb><C:/Prog
ram Files (x86)/MiKTeX 2.9/fonts/type1/public/amsfonts/cm/cmr17.pfb><C:/Program
 Files (x86)/MiKTeX 2.9/fonts/type1/public/amsfonts/cm/cmsy10.pfb><C:/Program F
iles (x86)/MiKTeX 2.9/fonts/type1/public/amsfonts/cm/cmti10.pfb>
Output written on results.pdf (22 pages, 4279039 bytes).
PDF statistics:
 170 PDF objects out of 1000 (max. 8388607)
 0 named destinations out of 1000 (max. 500000)
 171 words of extra memory for PDF output out of 10000 (max. 10000000)

