This is pdfTeX, Version 3.1415926-2.5-1.40.14 (TeX Live 2013/Debian) (format=pdflatex 2016.5.27)  30 MAY 2016 01:35
entering extended mode
 restricted \write18 enabled.
 %&-line parsing enabled.
**"Anomaly Detection.tex"
(./Anomaly Detection.tex
LaTeX2e <2011/06/27>
Babel <3.9h> and hyphenation patterns for 2 languages loaded.
(/usr/share/texlive/texmf-dist/tex/latex/base/report.cls
Document Class: report 2007/10/19 v1.4h Standard LaTeX document class
(/usr/share/texlive/texmf-dist/tex/latex/base/size10.clo
File: size10.clo 2007/10/19 v1.4h Standard LaTeX file (size option)
)
\c@part=\count79
\c@chapter=\count80
\c@section=\count81
\c@subsection=\count82
\c@subsubsection=\count83
\c@paragraph=\count84
\c@subparagraph=\count85
\c@figure=\count86
\c@table=\count87
\abovecaptionskip=\skip41
\belowcaptionskip=\skip42
\bibindent=\dimen102
)
(/usr/share/texlive/texmf-dist/tex/latex/tools/array.sty
Package: array 2008/09/09 v2.4c Tabular extension package (FMi)
\col@sep=\dimen103
\extrarowheight=\dimen104
\NC@list=\toks14
\extratabsurround=\skip43
\backup@length=\skip44
)
(/usr/share/texlive/texmf-dist/tex/latex/booktabs/booktabs.sty
Package: booktabs 2005/04/14 v1.61803 publication quality tables
\heavyrulewidth=\dimen105
\lightrulewidth=\dimen106
\cmidrulewidth=\dimen107
\belowrulesep=\dimen108
\belowbottomsep=\dimen109
\aboverulesep=\dimen110
\abovetopsep=\dimen111
\cmidrulesep=\dimen112
\cmidrulekern=\dimen113
\defaultaddspace=\dimen114
\@cmidla=\count88
\@cmidlb=\count89
\@aboverulesep=\dimen115
\@belowrulesep=\dimen116
\@thisruleclass=\count90
\@lastruleclass=\count91
\@thisrulewidth=\dimen117
)
(/usr/share/texlive/texmf-dist/tex/latex/blindtext/blindtext.sty
Package: blindtext 2012/01/06 V2.0 blindtext-Package

(/usr/share/texlive/texmf-dist/tex/latex/tools/xspace.sty
Package: xspace 2009/10/20 v1.13 Space after command names (DPC,MH)
)
\c@blindtext=\count92
\c@Blindtext=\count93
\c@blind@countparstart=\count94
\blind@countxx=\count95
\blindtext@numBlindtext=\count96
\blind@countyy=\count97
\c@blindlist=\count98
\c@blindlistlevel=\count99
\c@blindlist@level=\count100
\blind@listitem=\count101
\c@blind@listcount=\count102
\c@blind@levelcount=\count103
\blind@mathformula=\count104
\blind@Mathformula=\count105
\c@blind@randomcount=\count106
\c@blind@randommax=\count107
\c@blind@pangramcount=\count108
\c@blind@pangrammax=\count109
)
(/usr/share/texlive/texmf-dist/tex/latex/base/inputenc.sty
Package: inputenc 2008/03/30 v1.1d Input encoding file
\inpenc@prehook=\toks15
\inpenc@posthook=\toks16

(/usr/share/texlive/texmf-dist/tex/latex/base/utf8.def
File: utf8.def 2008/04/05 v1.1m UTF-8 support for inputenc
Now handling font encoding OML ...
... no UTF-8 mapping file for font encoding OML
Now handling font encoding T1 ...
... processing UTF-8 mapping file for font encoding T1

(/usr/share/texlive/texmf-dist/tex/latex/base/t1enc.dfu
File: t1enc.dfu 2008/04/05 v1.1m UTF-8 support for inputenc
   defining Unicode char U+00A1 (decimal 161)
   defining Unicode char U+00A3 (decimal 163)
   defining Unicode char U+00AB (decimal 171)
   defining Unicode char U+00BB (decimal 187)
   defining Unicode char U+00BF (decimal 191)
   defining Unicode char U+00C0 (decimal 192)
   defining Unicode char U+00C1 (decimal 193)
   defining Unicode char U+00C2 (decimal 194)
   defining Unicode char U+00C3 (decimal 195)
   defining Unicode char U+00C4 (decimal 196)
   defining Unicode char U+00C5 (decimal 197)
   defining Unicode char U+00C6 (decimal 198)
   defining Unicode char U+00C7 (decimal 199)
   defining Unicode char U+00C8 (decimal 200)
   defining Unicode char U+00C9 (decimal 201)
   defining Unicode char U+00CA (decimal 202)
   defining Unicode char U+00CB (decimal 203)
   defining Unicode char U+00CC (decimal 204)
   defining Unicode char U+00CD (decimal 205)
   defining Unicode char U+00CE (decimal 206)
   defining Unicode char U+00CF (decimal 207)
   defining Unicode char U+00D0 (decimal 208)
   defining Unicode char U+00D1 (decimal 209)
   defining Unicode char U+00D2 (decimal 210)
   defining Unicode char U+00D3 (decimal 211)
   defining Unicode char U+00D4 (decimal 212)
   defining Unicode char U+00D5 (decimal 213)
   defining Unicode char U+00D6 (decimal 214)
   defining Unicode char U+00D8 (decimal 216)
   defining Unicode char U+00D9 (decimal 217)
   defining Unicode char U+00DA (decimal 218)
   defining Unicode char U+00DB (decimal 219)
   defining Unicode char U+00DC (decimal 220)
   defining Unicode char U+00DD (decimal 221)
   defining Unicode char U+00DE (decimal 222)
   defining Unicode char U+00DF (decimal 223)
   defining Unicode char U+00E0 (decimal 224)
   defining Unicode char U+00E1 (decimal 225)
   defining Unicode char U+00E2 (decimal 226)
   defining Unicode char U+00E3 (decimal 227)
   defining Unicode char U+00E4 (decimal 228)
   defining Unicode char U+00E5 (decimal 229)
   defining Unicode char U+00E6 (decimal 230)
   defining Unicode char U+00E7 (decimal 231)
   defining Unicode char U+00E8 (decimal 232)
   defining Unicode char U+00E9 (decimal 233)
   defining Unicode char U+00EA (decimal 234)
   defining Unicode char U+00EB (decimal 235)
   defining Unicode char U+00EC (decimal 236)
   defining Unicode char U+00ED (decimal 237)
   defining Unicode char U+00EE (decimal 238)
   defining Unicode char U+00EF (decimal 239)
   defining Unicode char U+00F0 (decimal 240)
   defining Unicode char U+00F1 (decimal 241)
   defining Unicode char U+00F2 (decimal 242)
   defining Unicode char U+00F3 (decimal 243)
   defining Unicode char U+00F4 (decimal 244)
   defining Unicode char U+00F5 (decimal 245)
   defining Unicode char U+00F6 (decimal 246)
   defining Unicode char U+00F8 (decimal 248)
   defining Unicode char U+00F9 (decimal 249)
   defining Unicode char U+00FA (decimal 250)
   defining Unicode char U+00FB (decimal 251)
   defining Unicode char U+00FC (decimal 252)
   defining Unicode char U+00FD (decimal 253)
   defining Unicode char U+00FE (decimal 254)
   defining Unicode char U+00FF (decimal 255)
   defining Unicode char U+0102 (decimal 258)
   defining Unicode char U+0103 (decimal 259)
   defining Unicode char U+0104 (decimal 260)
   defining Unicode char U+0105 (decimal 261)
   defining Unicode char U+0106 (decimal 262)
   defining Unicode char U+0107 (decimal 263)
   defining Unicode char U+010C (decimal 268)
   defining Unicode char U+010D (decimal 269)
   defining Unicode char U+010E (decimal 270)
   defining Unicode char U+010F (decimal 271)
   defining Unicode char U+0110 (decimal 272)
   defining Unicode char U+0111 (decimal 273)
   defining Unicode char U+0118 (decimal 280)
   defining Unicode char U+0119 (decimal 281)
   defining Unicode char U+011A (decimal 282)
   defining Unicode char U+011B (decimal 283)
   defining Unicode char U+011E (decimal 286)
   defining Unicode char U+011F (decimal 287)
   defining Unicode char U+0130 (decimal 304)
   defining Unicode char U+0131 (decimal 305)
   defining Unicode char U+0132 (decimal 306)
   defining Unicode char U+0133 (decimal 307)
   defining Unicode char U+0139 (decimal 313)
   defining Unicode char U+013A (decimal 314)
   defining Unicode char U+013D (decimal 317)
   defining Unicode char U+013E (decimal 318)
   defining Unicode char U+0141 (decimal 321)
   defining Unicode char U+0142 (decimal 322)
   defining Unicode char U+0143 (decimal 323)
   defining Unicode char U+0144 (decimal 324)
   defining Unicode char U+0147 (decimal 327)
   defining Unicode char U+0148 (decimal 328)
   defining Unicode char U+014A (decimal 330)
   defining Unicode char U+014B (decimal 331)
   defining Unicode char U+0150 (decimal 336)
   defining Unicode char U+0151 (decimal 337)
   defining Unicode char U+0152 (decimal 338)
   defining Unicode char U+0153 (decimal 339)
   defining Unicode char U+0154 (decimal 340)
   defining Unicode char U+0155 (decimal 341)
   defining Unicode char U+0158 (decimal 344)
   defining Unicode char U+0159 (decimal 345)
   defining Unicode char U+015A (decimal 346)
   defining Unicode char U+015B (decimal 347)
   defining Unicode char U+015E (decimal 350)
   defining Unicode char U+015F (decimal 351)
   defining Unicode char U+0160 (decimal 352)
   defining Unicode char U+0161 (decimal 353)
   defining Unicode char U+0162 (decimal 354)
   defining Unicode char U+0163 (decimal 355)
   defining Unicode char U+0164 (decimal 356)
   defining Unicode char U+0165 (decimal 357)
   defining Unicode char U+016E (decimal 366)
   defining Unicode char U+016F (decimal 367)
   defining Unicode char U+0170 (decimal 368)
   defining Unicode char U+0171 (decimal 369)
   defining Unicode char U+0178 (decimal 376)
   defining Unicode char U+0179 (decimal 377)
   defining Unicode char U+017A (decimal 378)
   defining Unicode char U+017B (decimal 379)
   defining Unicode char U+017C (decimal 380)
   defining Unicode char U+017D (decimal 381)
   defining Unicode char U+017E (decimal 382)
   defining Unicode char U+200C (decimal 8204)
   defining Unicode char U+2013 (decimal 8211)
   defining Unicode char U+2014 (decimal 8212)
   defining Unicode char U+2018 (decimal 8216)
   defining Unicode char U+2019 (decimal 8217)
   defining Unicode char U+201A (decimal 8218)
   defining Unicode char U+201C (decimal 8220)
   defining Unicode char U+201D (decimal 8221)
   defining Unicode char U+201E (decimal 8222)
   defining Unicode char U+2030 (decimal 8240)
   defining Unicode char U+2031 (decimal 8241)
   defining Unicode char U+2039 (decimal 8249)
   defining Unicode char U+203A (decimal 8250)
   defining Unicode char U+2423 (decimal 9251)
)
Now handling font encoding OT1 ...
... processing UTF-8 mapping file for font encoding OT1

(/usr/share/texlive/texmf-dist/tex/latex/base/ot1enc.dfu
File: ot1enc.dfu 2008/04/05 v1.1m UTF-8 support for inputenc
   defining Unicode char U+00A1 (decimal 161)
   defining Unicode char U+00A3 (decimal 163)
   defining Unicode char U+00B8 (decimal 184)
   defining Unicode char U+00BF (decimal 191)
   defining Unicode char U+00C5 (decimal 197)
   defining Unicode char U+00C6 (decimal 198)
   defining Unicode char U+00D8 (decimal 216)
   defining Unicode char U+00DF (decimal 223)
   defining Unicode char U+00E6 (decimal 230)
   defining Unicode char U+00EC (decimal 236)
   defining Unicode char U+00ED (decimal 237)
   defining Unicode char U+00EE (decimal 238)
   defining Unicode char U+00EF (decimal 239)
   defining Unicode char U+00F8 (decimal 248)
   defining Unicode char U+0131 (decimal 305)
   defining Unicode char U+0141 (decimal 321)
   defining Unicode char U+0142 (decimal 322)
   defining Unicode char U+0152 (decimal 338)
   defining Unicode char U+0153 (decimal 339)
   defining Unicode char U+2013 (decimal 8211)
   defining Unicode char U+2014 (decimal 8212)
   defining Unicode char U+2018 (decimal 8216)
   defining Unicode char U+2019 (decimal 8217)
   defining Unicode char U+201C (decimal 8220)
   defining Unicode char U+201D (decimal 8221)
)
Now handling font encoding OMS ...
... processing UTF-8 mapping file for font encoding OMS

(/usr/share/texlive/texmf-dist/tex/latex/base/omsenc.dfu
File: omsenc.dfu 2008/04/05 v1.1m UTF-8 support for inputenc
   defining Unicode char U+00A7 (decimal 167)
   defining Unicode char U+00B6 (decimal 182)
   defining Unicode char U+00B7 (decimal 183)
   defining Unicode char U+2020 (decimal 8224)
   defining Unicode char U+2021 (decimal 8225)
   defining Unicode char U+2022 (decimal 8226)
)
Now handling font encoding OMX ...
... no UTF-8 mapping file for font encoding OMX
Now handling font encoding U ...
... no UTF-8 mapping file for font encoding U
   defining Unicode char U+00A9 (decimal 169)
   defining Unicode char U+00AA (decimal 170)
   defining Unicode char U+00AE (decimal 174)
   defining Unicode char U+00BA (decimal 186)
   defining Unicode char U+02C6 (decimal 710)
   defining Unicode char U+02DC (decimal 732)
   defining Unicode char U+200C (decimal 8204)
   defining Unicode char U+2026 (decimal 8230)
   defining Unicode char U+2122 (decimal 8482)
   defining Unicode char U+2423 (decimal 9251)
))
(/usr/share/texlive/texmf-dist/tex/latex/commath/commath.sty
(/usr/share/texlive/texmf-dist/tex/latex/base/ifthen.sty
Package: ifthen 2001/05/26 v1.1c Standard LaTeX ifthen package (DPC)
)
(/usr/share/texlive/texmf-dist/tex/latex/amsmath/amsmath.sty
Package: amsmath 2013/01/14 v2.14 AMS math features
\@mathmargin=\skip45

For additional information on amsmath, use the `?' option.
(/usr/share/texlive/texmf-dist/tex/latex/amsmath/amstext.sty
Package: amstext 2000/06/29 v2.01

(/usr/share/texlive/texmf-dist/tex/latex/amsmath/amsgen.sty
File: amsgen.sty 1999/11/30 v2.0
\@emptytoks=\toks17
\ex@=\dimen118
))
(/usr/share/texlive/texmf-dist/tex/latex/amsmath/amsbsy.sty
Package: amsbsy 1999/11/29 v1.2d
\pmbraise@=\dimen119
)
(/usr/share/texlive/texmf-dist/tex/latex/amsmath/amsopn.sty
Package: amsopn 1999/12/14 v2.01 operator names
)
\inf@bad=\count110
LaTeX Info: Redefining \frac on input line 210.
\uproot@=\count111
\leftroot@=\count112
LaTeX Info: Redefining \overline on input line 306.
\classnum@=\count113
\DOTSCASE@=\count114
LaTeX Info: Redefining \ldots on input line 378.
LaTeX Info: Redefining \dots on input line 381.
LaTeX Info: Redefining \cdots on input line 466.
\Mathstrutbox@=\box26
\strutbox@=\box27
\big@size=\dimen120
LaTeX Font Info:    Redeclaring font encoding OML on input line 566.
LaTeX Font Info:    Redeclaring font encoding OMS on input line 567.
\macc@depth=\count115
\c@MaxMatrixCols=\count116
\dotsspace@=\muskip10
\c@parentequation=\count117
\dspbrk@lvl=\count118
\tag@help=\toks18
\row@=\count119
\column@=\count120
\maxfields@=\count121
\andhelp@=\toks19
\eqnshift@=\dimen121
\alignsep@=\dimen122
\tagshift@=\dimen123
\tagwidth@=\dimen124
\totwidth@=\dimen125
\lineht@=\dimen126
\@envbody=\toks20
\multlinegap=\skip46
\multlinetaggap=\skip47
\mathdisplay@stack=\toks21
LaTeX Info: Redefining \[ on input line 2665.
LaTeX Info: Redefining \] on input line 2666.
))
(/usr/share/texlive/texmf-dist/tex/latex/tocbibind/tocbibind.sty
Package: tocbibind 2010/10/13 v1.5k extra ToC listings
Package tocbibind Info: The document has chapter divisions on input line 50.


Package tocbibind Note: Using chapter style headings, unless overridden.

) (./Anomaly Detection.aux (./Chapter_1.aux) (./Chapter_2.aux) (./Chapter_3.aux
) (./Chapter_4.aux) (./Chapter_5.aux) (./Chapter_6.aux))
\openout1 = `"Anomaly Detection.aux"'.

LaTeX Font Info:    Checking defaults for OML/cmm/m/it on input line 24.
LaTeX Font Info:    ... okay on input line 24.
LaTeX Font Info:    Checking defaults for T1/cmr/m/n on input line 24.
LaTeX Font Info:    ... okay on input line 24.
LaTeX Font Info:    Checking defaults for OT1/cmr/m/n on input line 24.
LaTeX Font Info:    ... okay on input line 24.
LaTeX Font Info:    Checking defaults for OMS/cmsy/m/n on input line 24.
LaTeX Font Info:    ... okay on input line 24.
LaTeX Font Info:    Checking defaults for OMX/cmex/m/n on input line 24.
LaTeX Font Info:    ... okay on input line 24.
LaTeX Font Info:    Checking defaults for U/cmr/m/n on input line 24.
LaTeX Font Info:    ... okay on input line 24.
 [1

{/var/lib/texmf/fonts/map/pdftex/updmap/pdftex.map}] (./Anomaly Detection.toc
Overfull \hbox (53.85083pt too wide) in paragraph at lines 7--7
 [][] []\OT1/cmr/m/n/10 WindowCorrelationWithConstantLag(arr1, arr2, win-dow[]s
ize,maxlag, 
 []


Overfull \hbox (1.44519pt too wide) in paragraph at lines 8--8
 [][] []\OT1/cmr/m/n/10 anomaliesFromWindowCorrelationWithConstantlag(arr1, 
 []


Overfull \hbox (15.6174pt too wide) in paragraph at lines 8--8
 \OT1/cmr/m/n/10 arr2, win-dow[]size=15,maxlag=15, pos-i-tive[]correlation=True
, 
 []


Overfull \hbox (96.32864pt too wide) in paragraph at lines 13--13
 [][] []\OT1/cmr/m/n/10 slopeBasedDetection(series1,smoothed1,series2,smoothed2
,next[]val[]to[]consider, 
 []


Overfull \hbox (16.73961pt too wide) in paragraph at lines 14--14
 [][] []\OT1/cmr/m/n/10 anomalyDatesSlopeBaseddetetion(slopeBasedResult,any[]se
ries) []  
 []


Overfull \hbox (54.24524pt too wide) in paragraph at lines 15--15
 [][] []\OT1/cmr/m/n/10 slopeBased(series1,smoothed1,series2,smoothed2,next[]va
l[]to[]consider, 
 []


Overfull \hbox (25.31732pt too wide) in paragraph at lines 20--20
 [][] []\OT1/cmr/m/n/10 linear[]regression(x[]series, y[]series, param = 0, de-
fault[]threshold 
 []


Overfull \hbox (18.77853pt too wide) in paragraph at lines 27--27
 [][] []\OT1/cmr/m/n/10 graphBasedAnomalyCall(dependentVar, num-berOf-Vals, tim
e- 
 []


Overfull \hbox (6.09789pt too wide) in paragraph at lines 28--28
 [][] []\OT1/cmr/m/n/10 generateCSVsForGraphBasedAnomaly(lists, dateIn-dex, se-
 
 []

[1

])
\tf@toc=\write3
\openout3 = `"Anomaly Detection.toc"'.

 [2]
\openout2 = `Chapter_1.aux'.

 (./Chapter_1.tex
Chapter 1.
LaTeX Font Info:    Try loading font information for OMS+cmr on input line 38.
(/usr/share/texlive/texmf-dist/tex/latex/base/omscmr.fd
File: omscmr.fd 1999/05/25 v2.5h Standard LaTeX font definitions
)
LaTeX Font Info:    Font shape `OMS/cmr/m/n' in size <10> not available
(Font)              Font shape `OMS/cmsy/m/n' tried instead on input line 38.
 [3


]
Underfull \hbox (badness 10000) in paragraph at lines 51--53

 []


Underfull \hbox (badness 10000) in paragraph at lines 59--68

 []

[4]
Underfull \hbox (badness 10000) in paragraph at lines 117--120

 []


Overfull \hbox (11.23064pt too wide) in paragraph at lines 125--125
[]\OT1/cmr/bx/n/12 WindowCorrelationWithConstantLag(arr1, arr2, win-
 []


Overfull \hbox (35.16396pt too wide) in paragraph at lines 168--168
[]\OT1/cmr/bx/n/12 anomaliesFromWindowCorrelationWithConstantlag(arr1,
 []


Overfull \hbox (54.81726pt too wide) in paragraph at lines 168--168
\OT1/cmr/bx/n/12 arr2, win-dow[]size=15,maxlag=15, pos-i-tive[]correlation=True
,
 []

[5])
Underfull \hbox (badness 10000) in paragraph at lines 225--29

 []


Underfull \hbox (badness 10000) in paragraph at lines 225--29

 []


Overfull \hbox (11.69522pt too wide) in paragraph at lines 225--29
\OT1/cmr/m/n/10 Function ``anoma-lies-FromWin-dow-Cor-re-la-tion-With-Con-stant
-lag`` is the main driver.
 []

[6] [7]
\openout2 = `Chapter_2.aux'.

 (./Chapter_2.tex
Chapter 2.

Overfull \hbox (165.40784pt too wide) in paragraph at lines 32--32
[]\OT1/cmr/bx/n/12 slopeBasedDetection(series1,smoothed1,series2,smoothed2,next
[]val[]to[]consider,
 []

[8



]
Underfull \hbox (badness 10000) in paragraph at lines 51--53

 []


Overfull \hbox (70.10727pt too wide) in paragraph at lines 59--59
[]\OT1/cmr/bx/n/12 anomalyDatesSlopeBaseddetetion(slopeBasedResult,any[]series)
 
 []


Underfull \hbox (badness 10000) in paragraph at lines 61--68

 []


Overfull \hbox (108.24118pt too wide) in paragraph at lines 84--84
[]\OT1/cmr/bx/n/12 slopeBased(series1,smoothed1,series2,smoothed2,next[]val[]to
[]consider,
 []

[9])
Overfull \hbox (48.96747pt too wide) in paragraph at lines 112--30
\OT1/cmr/m/n/10 anoma-ly-DatesS-lope-Based-de-te-tion is called which pro-vides
 (start[]date,end[]date,slope[]value)
 []

[10]
\openout2 = `Chapter_3.aux'.

 (./Chapter_3.tex
Chapter 3.
[11



]
Underfull \hbox (badness 10000) in paragraph at lines 38--52

 []


Underfull \hbox (badness 10000) in paragraph at lines 38--52

 []


Underfull \hbox (badness 10000) in paragraph at lines 38--52

 []


Overfull \hbox (134.93996pt too wide) in paragraph at lines 38--52
\OT1/cmr/m/n/10 (Index[]of[]Data[]Point,x[]value,y[]value,predicted[]y[]value,d
ifference[]between[]predicted[]and[]actual[]y[]value) 
 []


Underfull \hbox (badness 10000) in paragraph at lines 38--52

 []


Underfull \hbox (badness 10000) in paragraph at lines 38--52

 []


Overfull \hbox (26.87538pt too wide) in paragraph at lines 55--55
[]\OT1/cmr/bx/n/12 anomalies[]from[]linear[]regression(result[]of[]lr, any[]ser
ies) 
 []

[12]
Overfull \hbox (15.79759pt too wide) in paragraph at lines 65--66
[]\OT1/cmr/m/n/10 result[]of[]lr \OT1/cmr/m/it/10 (list) \OT1/cmr/m/n/10 : This
 is list of anoma-lies re-ported by "lin-ear[]regression"
 []


Overfull \hbox (65.52867pt too wide) in paragraph at lines 69--72
\OT1/cmr/m/n/10 (date,x[]value,y[]value,predicted[]y[]value,difference[]between
[]predicted[]and[]actual[]y[]value) 
 []


Underfull \hbox (badness 10000) in paragraph at lines 96--101

 []

[13])
Underfull \hbox (badness 10000) in paragraph at lines 106--31

 []

[14]
\openout2 = `Chapter_4.aux'.

 (./Chapter_4.tex
Chapter 4.

Overfull \hbox (0.65277pt too wide) in paragraph at lines 36--36
[]\OT1/cmr/bx/n/12 graphBasedAnomalyCall(dependentVar, num-berOf-
 []

[15



]
Overfull \hbox (2.86394pt too wide) in paragraph at lines 68--68
[]\OT1/cmr/bx/n/12 generateCSVsForGraphBasedAnomaly(lists, dateIn-
 []


Underfull \hbox (badness 10000) in paragraph at lines 84--98

 []


Underfull \hbox (badness 10000) in paragraph at lines 84--98

 []

[16]
Underfull \hbox (badness 10000) in paragraph at lines 99--111

 []


Underfull \hbox (badness 10000) in paragraph at lines 99--111

 []


Underfull \hbox (badness 10000) in paragraph at lines 129--131

 []

[17])
Underfull \hbox (badness 10000) in paragraph at lines 201--32

 []

[18]
\openout2 = `Chapter_5.aux'.

 (./Chapter_5.tex
Chapter 5.

Overfull \hbox (35.84865pt too wide) in paragraph at lines 34--34
[]\OT1/cmr/bx/n/12 MultivariateAnomaly(fileName,hd, param-Count,fileStart) 
 []

[19



])
Underfull \hbox (badness 10000) in paragraph at lines 102--33

 []

[20] [21]
\openout2 = `Chapter_6.aux'.

 (./Chapter_6.tex
Chapter 6.

Underfull \hbox (badness 10000) in paragraph at lines 32--33

 []


Underfull \hbox (badness 10000) in paragraph at lines 52--53

 []


Underfull \hbox (badness 10000) in paragraph at lines 54--57

 []


Underfull \hbox (badness 10000) in paragraph at lines 58--67

 []


Underfull \hbox (badness 10000) in paragraph at lines 58--67

 []

[22



]
Underfull \hbox (badness 10000) in paragraph at lines 83--84

 []


Underfull \hbox (badness 10000) in paragraph at lines 99--100

 []


Underfull \hbox (badness 10000) in paragraph at lines 103--116

 []


Underfull \hbox (badness 10000) in paragraph at lines 103--116

 []

[23]
Underfull \hbox (badness 10000) in paragraph at lines 129--130

 []


Underfull \hbox (badness 10000) in paragraph at lines 147--148

 []


Overfull \hbox (1.1031pt too wide) in paragraph at lines 171--172
[]\OT1/cmr/m/n/10 alpha \OT1/cmr/m/it/10 (float) \OT1/cmr/m/n/10 : smoothen-ing
 fac-tor of ex-po-nen-tial av-er-age smooth-
 []


Underfull \hbox (badness 10000) in paragraph at lines 180--181

 []


Underfull \hbox (badness 10000) in paragraph at lines 196--197

 []

[24]
Underfull \hbox (badness 10000) in paragraph at lines 213--214

 []


Overfull \hbox (4.7672pt too wide) in paragraph at lines 254--258
\OT1/cmr/m/n/10 (slope[]based, lin-ear[]regression, graph[]based, spike[]detect
ion, mul-
 []


Underfull \hbox (badness 10000) in paragraph at lines 272--273

 []


Overfull \hbox (3.92833pt too wide) in paragraph at lines 281--284
\OT1/cmr/m/n/10 (date, cor-re-la-tion value, slope[]based value, lin-ear[]regre
ssion value,
 []

[25]
Overfull \hbox (3.92833pt too wide) in paragraph at lines 284--287
\OT1/cmr/m/n/10 (date, cor-re-la-tion value, slope[]based value, lin-ear[]regre
ssion value,
 []


Overfull \hbox (3.92833pt too wide) in paragraph at lines 308--311
\OT1/cmr/m/n/10 (date, cor-re-la-tion value, slope[]based value, lin-ear[]regre
ssion value,
 []


Overfull \hbox (3.92833pt too wide) in paragraph at lines 311--314
\OT1/cmr/m/n/10 (date, cor-re-la-tion value, slope[]based value, lin-ear[]regre
ssion value,
 []


Underfull \hbox (badness 10000) in paragraph at lines 328--329

 []


Underfull \hbox (badness 10000) in paragraph at lines 331--339

 []


Underfull \hbox (badness 10000) in paragraph at lines 359--360

 []

[26]
Underfull \hbox (badness 10000) in paragraph at lines 362--370

 []

) [27] (./Anomaly Detection.bbl) [28


] (./Anomaly Detection.aux (./Chapter_1.aux) (./Chapter_2.aux) (./Chapter_3.aux
) (./Chapter_4.aux) (./Chapter_5.aux)
(./Chapter_6.aux)) ) 
Here is how much of TeX's memory you used:
 1616 strings out of 495028
 18974 string characters out of 6181497
 77684 words of memory out of 5000000
 4790 multiletter control sequences out of 15000+600000
 10581 words of font info for 38 fonts, out of 8000000 for 9000
 14 hyphenation exceptions out of 8191
 34i,6n,22p,828b,311s stack positions out of 5000i,500n,10000p,200000b,80000s
</usr/share/texlive/texmf-dist/fonts/type1/public/amsfonts/
cm/cmbx10.pfb></usr/share/texlive/texmf-dist/fonts/type1/public/amsfonts/cm/cmb
x12.pfb></usr/share/texlive/texmf-dist/fonts/type1/public/amsfonts/cm/cmmi10.pf
b></usr/share/texlive/texmf-dist/fonts/type1/public/amsfonts/cm/cmmi7.pfb></usr
/share/texlive/texmf-dist/fonts/type1/public/amsfonts/cm/cmr10.pfb></usr/share/
texlive/texmf-dist/fonts/type1/public/amsfonts/cm/cmr12.pfb></usr/share/texlive
/texmf-dist/fonts/type1/public/amsfonts/cm/cmr17.pfb></usr/share/texlive/texmf-
dist/fonts/type1/public/amsfonts/cm/cmr7.pfb></usr/share/texlive/texmf-dist/fon
ts/type1/public/amsfonts/cm/cmsy10.pfb></usr/share/texlive/texmf-dist/fonts/typ
e1/public/amsfonts/cm/cmti10.pfb>
Output written on "Anomaly Detection.pdf" (29 pages, 179401 bytes).
PDF statistics:
 137 PDF objects out of 1000 (max. 8388607)
 95 compressed objects within 1 object stream
 0 named destinations out of 1000 (max. 500000)
 1 words of extra memory for PDF output out of 10000 (max. 10000000)

