\BOOKMARK [0][-]{chapter.1}{Introduction}{}% 1
\BOOKMARK [1][-]{section.1.1}{Motivation}{chapter.1}% 2
\BOOKMARK [1][-]{section.1.2}{Objective}{chapter.1}% 3
\BOOKMARK [1][-]{section.1.3}{Relevance of Project}{chapter.1}% 4
\BOOKMARK [0][-]{chapter.2}{Literature Survey}{}% 5
\BOOKMARK [1][-]{section.2.1}{What is Anomaly Detection?}{chapter.2}% 6
\BOOKMARK [1][-]{section.2.2}{Onion Case}{chapter.2}% 7
\BOOKMARK [1][-]{section.2.3}{ Other Cases}{chapter.2}% 8
\BOOKMARK [2][-]{subsection.2.3.1}{Sugarcane Case}{section.2.3}% 9
\BOOKMARK [2][-]{subsection.2.3.2}{Builder-Politician Case}{section.2.3}% 10
\BOOKMARK [0][-]{chapter.3}{Study of Onion Data: Collection and Analysis}{}% 11
\BOOKMARK [1][-]{section.3.1}{System}{chapter.3}% 12
\BOOKMARK [1][-]{section.3.2}{Data we have}{chapter.3}% 13
\BOOKMARK [1][-]{section.3.3}{Normal market behavior}{chapter.3}% 14
\BOOKMARK [1][-]{section.3.4}{What are the reasons for anomaly?}{chapter.3}% 15
\BOOKMARK [1][-]{section.3.5}{Mapping of wholesale price to retail price}{chapter.3}% 16
\BOOKMARK [1][-]{section.3.6}{How to Define Anomaly?}{chapter.3}% 17
\BOOKMARK [2][-]{subsection.3.6.1}{Summary Of News Atricles}{section.3.6}% 18
\BOOKMARK [1][-]{section.3.7}{Characteristics of anomaly}{chapter.3}% 19
\BOOKMARK [1][-]{section.3.8}{Hypothesis}{chapter.3}% 20
\BOOKMARK [0][-]{chapter.4}{Design and Framework}{}% 21
\BOOKMARK [1][-]{section.4.1}{System Design}{chapter.4}% 22
\BOOKMARK [1][-]{section.4.2}{Test Criterion for Hypothesis}{chapter.4}% 23
\BOOKMARK [2][-]{subsection.4.2.1}{Hypothesis 1}{section.4.2}% 24
\BOOKMARK [2][-]{subsection.4.2.2}{Hypothesis 2}{section.4.2}% 25
\BOOKMARK [2][-]{subsection.4.2.3}{Hypothesis 3}{section.4.2}% 26
\BOOKMARK [2][-]{subsection.4.2.4}{Hypothesis 4}{section.4.2}% 27
\BOOKMARK [1][-]{section.4.3}{Anomaly Detection Library}{chapter.4}% 28
\BOOKMARK [2][-]{subsection.4.3.1}{Window Based Correlation}{section.4.3}% 29
\BOOKMARK [2][-]{subsection.4.3.2}{Slope Based Detection}{section.4.3}% 30
\BOOKMARK [2][-]{subsection.4.3.3}{Linear Regression}{section.4.3}% 31
\BOOKMARK [2][-]{subsection.4.3.4}{Graph Based Anomaly}{section.4.3}% 32
\BOOKMARK [2][-]{subsection.4.3.5}{Multivariate- Vector Autoregressive}{section.4.3}% 33
\BOOKMARK [0][-]{chapter.5}{Results and Analysis}{}% 34
\BOOKMARK [1][-]{section.5.1}{Results}{chapter.5}% 35
\BOOKMARK [1][-]{section.5.2}{Analysis of Each Method}{chapter.5}% 36
\BOOKMARK [2][-]{subsection.5.2.1}{Slope Based Anomaly Detection}{section.5.2}% 37
\BOOKMARK [2][-]{subsection.5.2.2}{Linear Regression}{section.5.2}% 38
\BOOKMARK [2][-]{subsection.5.2.3}{Window Based Correlation}{section.5.2}% 39
\BOOKMARK [2][-]{subsection.5.2.4}{Multivariate Time Series- Vector Autoregressive}{section.5.2}% 40
\BOOKMARK [2][-]{subsection.5.2.5}{Graph Based Anomaly Detection}{section.5.2}% 41
\BOOKMARK [0][-]{chapter.6}{Conclusion}{}% 42
\BOOKMARK [0][-]{chapter*.17}{Bibliography}{}% 43
\BOOKMARK [0][-]{appendix.A}{Window Based Correlation}{}% 44
\BOOKMARK [1][-]{section.A.1}{Introduction}{appendix.A}% 45
\BOOKMARK [1][-]{section.A.2}{Related Functions}{appendix.A}% 46
\BOOKMARK [2][-]{subsection.A.2.1}{correlation\(arr1, arr2, maxlag, pos, neg\)}{section.A.2}% 47
\BOOKMARK [2][-]{subsection.A.2.2}{getMaxCorr\(arar1,positive\137correlation\)}{section.A.2}% 48
\BOOKMARK [2][-]{subsection.A.2.3}{correlationAtLag\(series1, series2, lag, window\137size\)}{section.A.2}% 49
\BOOKMARK [2][-]{subsection.A.2.4}{WindowCorrelationWithConstantLag\(arr1, arr2, window\137size,maxlag, positive\137correlation, pos, neg\)}{section.A.2}% 50
\BOOKMARK [2][-]{subsection.A.2.5}{anomaliesFromWindowCorrelationWithConstantlag\(arr1, arr2, window\137size=15,maxlag=15, positive\137correlation=True, pos=1, neg=1, default\137threshold = True, threshold = 0\):}{section.A.2}% 51
\BOOKMARK [1][-]{section.A.3}{Description}{appendix.A}% 52
\BOOKMARK [0][-]{appendix.B}{Slope Based Detection}{}% 53
\BOOKMARK [1][-]{section.B.1}{Introduction}{appendix.B}% 54
\BOOKMARK [1][-]{section.B.2}{Related Functions}{appendix.B}% 55
\BOOKMARK [2][-]{subsection.B.2.1}{slopeBasedDetection\(series1,smoothed1,series2,smoothed2, \040next\137val\137to\137consider, default\137threshold, threshold, what\137to\137consider\)}{section.B.2}% 56
\BOOKMARK [2][-]{subsection.B.2.2}{anomalyDatesSlopeBaseddetetion\(slopeBasedResult,any\137series\)}{section.B.2}% 57
\BOOKMARK [2][-]{subsection.B.2.3}{slopeBased\(series1,smoothed1,series2,smoothed2,next\137val\137to\137consider, default\137threshold, threshold, what\137to\137consider\)}{section.B.2}% 58
\BOOKMARK [1][-]{section.B.3}{Description}{appendix.B}% 59
\BOOKMARK [0][-]{appendix.C}{Linear Regression}{}% 60
\BOOKMARK [1][-]{section.C.1}{Introduction}{appendix.C}% 61
\BOOKMARK [1][-]{section.C.2}{Related Functions}{appendix.C}% 62
\BOOKMARK [2][-]{subsection.C.2.1}{linear\137regression\(x\137series, y\137series, param = 0, default\137threshold = True, threshold = 0\)}{section.C.2}% 63
\BOOKMARK [2][-]{subsection.C.2.2}{anomalies\137from\137linear\137regression\(result\137of\137lr, any\137series\)}{section.C.2}% 64
\BOOKMARK [2][-]{subsection.C.2.3}{linear\137regressionMain\(x\137series, y\137series, param = 0, default\137threshold = True, threshold = 0\)}{section.C.2}% 65
\BOOKMARK [1][-]{section.C.3}{Description}{appendix.C}% 66
\BOOKMARK [0][-]{appendix.D}{Graph Based Anomaly Detection Technique}{}% 67
\BOOKMARK [1][-]{section.D.1}{Introduction}{appendix.D}% 68
\BOOKMARK [1][-]{section.D.2}{Related Functions}{appendix.D}% 69
\BOOKMARK [2][-]{subsection.D.2.1}{graphBasedAnomalyCall\(dependentVar, numberOfVals, timeSeriesFileNames\)}{section.D.2}% 70
\BOOKMARK [2][-]{subsection.D.2.2}{generateCSVsForGraphBasedAnomaly\(lists, dateIndex, seriesIndex\)}{section.D.2}% 71
\BOOKMARK [2][-]{subsection.D.2.3}{getAnomalies\(dates,resultFile, numOfPtsReqd\)}{section.D.2}% 72
\BOOKMARK [2][-]{subsection.D.2.4}{graphBasedAnomalyMain\(lists, dependentVar, numOfPtsReqd, dateIndex=0, seriesIndex=1\)}{section.D.2}% 73
\BOOKMARK [1][-]{section.D.3}{Description}{appendix.D}% 74
\BOOKMARK [0][-]{appendix.E}{Multivariate Time Series Anomaly Detection Technique}{}% 75
\BOOKMARK [1][-]{section.E.1}{Introduction}{appendix.E}% 76
\BOOKMARK [1][-]{section.E.2}{Related Functions}{appendix.E}% 77
\BOOKMARK [2][-]{subsection.E.2.1}{MultivariateAnomaly\(fileName,hd, paramCount,fileStart\)}{section.E.2}% 78
\BOOKMARK [2][-]{subsection.E.2.2}{multivaraiateAnalysis\(args\)}{section.E.2}% 79
\BOOKMARK [2][-]{subsection.E.2.3}{csvTransform\(filePath,startDate\)}{section.E.2}% 80
\BOOKMARK [1][-]{section.E.3}{Description}{appendix.E}% 81
\BOOKMARK [0][-]{appendix.F}{Utility}{}% 82
\BOOKMARK [1][-]{section.F.1}{Introduction}{appendix.F}% 83
\BOOKMARK [2][-]{subsection.F.1.1}{Functions used by Anomaly detection techniques}{section.F.1}% 84
\BOOKMARK [2][-]{subsection.F.1.2}{Functions used to process results}{section.F.1}% 85
